<?xml version="1.0" encoding="UTF-8"?>
<testsuite xmlns:xsi="http://www.w3.org/2001/XMLSchema-instance" xsi:noNamespaceSchemaLocation="https://maven.apache.org/surefire/maven-surefire-plugin/xsd/surefire-test-report-3.0.xsd" version="3.0" name="com.fpoly.test.UserTest" time="0.421" tests="10" errors="0" skipped="0" failures="0">
  <properties>
[...]
</properties>
  <testcase name="testAdminInfo" classname="com.fpoly.test.UserTest" time="0.034"/>
  <testcase name="testAdminExists" classname="com.fpoly.test.UserTest" time="0.028"/>
  <testcase name="testCreateSecondaryAdmin" classname="com.fpoly.test.UserTest" time="0.065"/>
  <testcase name="testUpdateAdminPassword" classname="com.fpoly.test.UserTest" time="0.032"/>
  <testcase name="testFindAdminByKeyword" classname="com.fpoly.test.UserTest" time="0.033"/>
  <testcase name="testFindAllUsers" classname="com.fpoly.test.UserTest" time="0.028"/>
  <testcase name="testFindInvalidId" classname="com.fpoly.test.UserTest" time="0.026"/>
  <testcase name="testUsernameNotExists" classname="com.fpoly.test.UserTest" time="0.028"/>
  <testcase name="testUpdatePassInvalidUser" classname="com.fpoly.test.UserTest" time="0.029"/>
  <testcase name="testCleanupAdmin" classname="com.fpoly.test.UserTest" time="0.111"/>
</testsuite>